Determining if the pthread_create exist failed with the following output:
Change Dir: /home/marco/Tesis/ROS/build/CMakeFiles/CMakeTmp

Run Build Command:"/usr/bin/make" "cmTC_62fa4/fast"
/usr/bin/make -f CMakeFiles/cmTC_62fa4.dir/build.make CMakeFiles/cmTC_62fa4.dir/build
make[1]: se entra en el directorio '/home/marco/Tesis/ROS/build/CMakeFiles/CMakeTmp'
Building C object CMakeFiles/cmTC_62fa4.dir/CheckSymbolExists.c.o
/usr/bin/cc    -o CMakeFiles/cmTC_62fa4.dir/CheckSymbolExists.c.o   -c /home/marco/Tesis/ROS/build/CMakeFiles/CMakeTmp/CheckSymbolExists.c
Linking C executable cmTC_62fa4
/usr/bin/cmake -E cmake_link_script CMakeFiles/cmTC_62fa4.dir/link.txt --verbose=1
/usr/bin/cc      -rdynamic CMakeFiles/cmTC_62fa4.dir/CheckSymbolExists.c.o  -o cmTC_62fa4 
CMakeFiles/cmTC_62fa4.dir/CheckSymbolExists.c.o: En la función `main':
CheckSymbolExists.c:(.text+0x1b): referencia a `pthread_create' sin definir
collect2: error: ld returned 1 exit status
CMakeFiles/cmTC_62fa4.dir/build.make:97: fallo en las instrucciones para el objetivo 'cmTC_62fa4'
make[1]: *** [cmTC_62fa4] Error 1
make[1]: se sale del directorio '/home/marco/Tesis/ROS/build/CMakeFiles/CMakeTmp'
Makefile:126: fallo en las instrucciones para el objetivo 'cmTC_62fa4/fast'
make: *** [cmTC_62fa4/fast] Error 2

File /home/marco/Tesis/ROS/build/CMakeFiles/CMakeTmp/CheckSymbolExists.c:
/* */
#include <pthread.h>

int main(int argc, char** argv)
{
  (void)argv;
#ifndef pthread_create
  return ((int*)(&pthread_create))[argc];
#else
  (void)argc;
  return 0;
#endif
}

Determining if the function pthread_create exists in the pthreads failed with the following output:
Change Dir: /home/marco/Tesis/ROS/build/CMakeFiles/CMakeTmp

Run Build Command:"/usr/bin/make" "cmTC_86cb9/fast"
/usr/bin/make -f CMakeFiles/cmTC_86cb9.dir/build.make CMakeFiles/cmTC_86cb9.dir/build
make[1]: se entra en el directorio '/home/marco/Tesis/ROS/build/CMakeFiles/CMakeTmp'
Building C object CMakeFiles/cmTC_86cb9.dir/CheckFunctionExists.c.o
/usr/bin/cc   -DCHECK_FUNCTION_EXISTS=pthread_create   -o CMakeFiles/cmTC_86cb9.dir/CheckFunctionExists.c.o   -c /usr/share/cmake-3.10/Modules/CheckFunctionExists.c
Linking C executable cmTC_86cb9
/usr/bin/cmake -E cmake_link_script CMakeFiles/cmTC_86cb9.dir/link.txt --verbose=1
/usr/bin/cc  -DCHECK_FUNCTION_EXISTS=pthread_create    -rdynamic CMakeFiles/cmTC_86cb9.dir/CheckFunctionExists.c.o  -o cmTC_86cb9 -lpthreads 
/usr/bin/ld: no se puede encontrar -lpthreads
collect2: error: ld returned 1 exit status
CMakeFiles/cmTC_86cb9.dir/build.make:97: fallo en las instrucciones para el objetivo 'cmTC_86cb9'
make[1]: *** [cmTC_86cb9] Error 1
make[1]: se sale del directorio '/home/marco/Tesis/ROS/build/CMakeFiles/CMakeTmp'
Makefile:126: fallo en las instrucciones para el objetivo 'cmTC_86cb9/fast'
make: *** [cmTC_86cb9/fast] Error 2


